308    311
173    175
147    148
202    204
362    365
306    309
441    445
71    71
45    45
90    90
117    118
242    244
57    57
26    26
82    82
121    122
206    208
408    412
439    443
17    17
313    316
60    60
72    72
88    88
97    98
403    407
0
323    326
210    212
237    239
276    278
57    57
239    241
369    373
38    38
181    183
247    249
356    359
72    72
0
2    2
373    377
440    444
27    27
361    365
301    304
158    159
66    66
242    244
147    148
19    19
360    364
121    122
123    124
391    395
94    95
211    213
